make all --print-data-base --no-builtin-variables --no-builtin-rules --question
# GNU Make 4.2.1
# Built for x86_64-pc-linux-gnu
# Copyright (C) 1988-2016 Free Software Foundation, Inc.
# License GPLv3+: GNU GPL version 3 or later <http://gnu.org/licenses/gpl.html>
# This is free software: you are free to change and redistribute it.
# There is NO WARRANTY, to the extent permitted by law.

# Make data base, printed on Tue May 31 17:34:01 2022

# Variables

# automatic
<D = $(patsubst %/,%,$(dir $<))
# environment
RUBY_VERSION = ruby-2.7.6
# automatic
?F = $(notdir $?)
# environment
GP_OPEN_EDITOR = /ide/bin/remote-cli/gitpod-code
# default
.SHELLFLAGS := -c
# environment
VSCODE_LOG_NATIVE = false
# makefile (from 'Makefile', line 58)
STACK := -fstack-protector-all -Wstack-protector
# environment
VSX_REGISTRY_URL = https://open-vsx.gitpod.io
# environment
GRADLE_HOME = /home/gitpod/.sdkman/candidates/gradle/current
# environment
rvm_path = /home/gitpod/.rvm
# environment
SUPERVISOR_ADDR = localhost:22999
# environment
SUPERVISOR_ENVVAR_OTS = https://gitpod.io/api/ots/get/f6b5a979-d403-40e3-85b8-939e817bc5e5
# automatic
@D = $(patsubst %/,%,$(dir $@))
# automatic
@F = $(notdir $@)
# makefile
CURDIR := /workspace/fictional-fortnight
# makefile (from 'Makefile', line 22)
SHELL := bash
# environment
VSCODE_NLS_CONFIG = {"locale":"en-US","availableLanguages":{}}
# environment
_ = /ide/node
# makefile (from 'Makefile', line 64)
CFLAGS := -Og -std=c++11  -fstack-protector-all -Wstack-protector -Wall -Wextra -pedantic 
# environment
GITPOD_THEIA_PORT = 23000
# automatic
?D = $(patsubst %/,%,$(dir $?))
# environment
GITPOD_ANALYTICS_WRITER = segment
# environment
GO_VERSION = 1.18.2
 
# makefile (from 'Makefile', line 61)
WARNS := -Wall -Wextra -pedantic 
# environment
MAVEN_HOME = /home/gitpod/.sdkman/candidates/maven/current
# makefile (from 'project.conf', line 1)
MAKEFILE_LIST :=  Makefile project.conf
# makefile (from 'Makefile', line 43)
TESTDIR := test
# environment
GITPOD_WORKSPACE_CONTEXT_URL = https://github.com/jalexcole/fictional-fortnight.git
# 'override' directive
GNUMAKEFLAGS := 
# environment
VSCODE_VERBOSE_LOGGING = true
# makefile (from 'Makefile', line 83)
NAMES := chunk memory main
# environment
THEIA_WORKSPACE_ROOT = /workspace/fictional-fortnight
# environment
INFOPATH = :/home/linuxbrew/.linuxbrew/share/info
# makefile (from 'Makefile', line 32)
BROWN = \$(COLOR_PREFIX)[0;33m
# environment
LESSOPEN = | /usr/bin/lesspipe %s
# environment
GIT_EDITOR = /ide/bin/remote-cli/gitpod-code --wait
# environment
VSCODE_CWD = /ide
# makefile (from 'Makefile', line 33)
BLUE = \$(COLOR_PREFIX)[1;34m
# default
MAKE_HOST := x86_64-pc-linux-gnu
# environment
PATH = /ide/bin/remote-cli:/home/gitpod/.nix-profile/bin:/workspace/.cargo/bin:/home/gitpod/.pyenv/plugins/pyenv-virtualenv/shims:/home/gitpod/.pyenv/shims:/workspace/go/bin:/home/gitpod/.nix-profile/bin:/home/gitpod/.nix-profile/bin:/home/gitpod/.sdkman/candidates/maven/current/bin:/home/gitpod/.sdkman/candidates/java/current/bin:/home/gitpod/.sdkman/candidates/gradle/current/bin:/workspace/.cargo/bin:/home/gitpod/.rvm/gems/ruby-2.7.6/bin:/home/gitpod/.rvm/gems/ruby-2.7.6@global/bin:/home/gitpod/.rvm/rubies/ruby-2.7.6/bin:/home/gitpod/.pyenv/plugins/pyenv-virtualenv/shims:/workspace/go/bin:/home/gitpod/.nix-profile/bin:/ide/bin/remote-cli:/home/gitpod/go/bin:/home/gitpod/go-packages/bin:/home/gitpod/.nvm/versions/node/v16.15.0/bin:/workspace/.pip-modules/bin:/home/gitpod/.pyenv/bin:/workspace/.rvm/bin:/home/gitpod/.cargo/bin:/home/linuxbrew/.linuxbrew/bin:/home/linuxbrew/.linuxbrew/sbin/:/usr/games:/usr/local/sbin:/usr/local/bin:/usr/sbin:/usr/bin:/sbin:/bin:/home/gitpod/.nvm/versions/node/v16.15.0/bin:/home/gitpod/.rvm/bin:/home/gitpod/.rvm/bin:/home/gitpod/.nvm/versions/node/v16.15.0/bin:/home/gitpod/.nvm/versions/node/v16.15.0/bin:/home/gitpod/.rvm/bin
# environment
GITPOD_OWNER_ID = e133fc6b-32db-4542-825d-f57696004048
# environment
GITPOD_WORKSPACE_ID = jalexcole-fictionalfort-th3xwwkushn
# environment
GITPOD_INTERVAL = 30000
# environment
CARGO_HOME = /workspace/.cargo
# environment
rvm_stored_umask = 0022
# environment
GITPOD_WORKSPACE_CLUSTER_HOST = ws-us46.gitpod.io
# environment
GITPOD_ANALYTICS_SEGMENT_KEY = bUY8IRdJ42KjLOBS9LoIHMYFBD8rSzjU
# environment
SDKMAN_DIR = /home/gitpod/.sdkman
# environment
GITPOD_REPO_ROOTS = /workspace/fictional-fortnight
# makefile (from 'Makefile', line 67)
DEBUG := -g3 -DDEBUG=1
# environment
SDKMAN_CANDIDATES_API = https://api.sdkman.io/2
# environment
GOPATH = /workspace/go
# makefile (from 'Makefile', line 78)
TEST_BINARY := C-Cpp-Make_test_runner
# makefile (from 'Makefile', line 41)
LOGDIR := log
# environment
SDKMAN_PLATFORM = linuxx64
# environment
VSCODE_LOG_STACK = false
# makefile (from 'Makefile', line 73)
TEST_LIBS := -l cmocka -L /usr/lib
# environment
VSCODE_IPC_HOOK_CLI = /tmp/vscode-ipc-888c23b3-6618-4ebd-a46f-d301baaf829f.sock
# makefile (from 'Makefile', line 34)
END_COLOR = \$(COLOR_PREFIX)[0m
# default
.FEATURES := target-specific order-only second-expansion else-if shortest-stem undefine oneshell archives jobserver output-sync check-symlink load
# environment
NIX_VERSION = 2.6.0
# environment
LS_COLORS = 
# makefile (from 'Makefile', line 40)
SRCDIR := src
# automatic
%F = $(notdir $%)
# environment
GP_PREVIEW_BROWSER = /ide/bin/remote-cli/gitpod-code --preview
# environment
VISUAL = /ide/bin/remote-cli/gitpod-code
# environment
NIX_SSL_CERT_FILE = /etc/ssl/certs/ca-certificates.crt
# environment
VSCODE_PIPE_LOGGING = true
# environment
rvm_bin_path = /home/gitpod/.rvm/bin
# environment
WORKSPACEKIT_WRAP_NETNS = true
# default
.LOADED := 
# environment
GEM_HOME = /home/gitpod/.rvm/gems/ruby-2.7.6
# environment
MANPATH = /home/gitpod/.nix-profile/share/man:/home/gitpod/.nix-profile/share/man:/home/gitpod/.nix-profile/share/man:/home/gitpod/.nix-profile/share/man::/home/linuxbrew/.linuxbrew/share/man
# environment
NODE_VERSION = 16.15.0
# environment
VSCODE_AMD_ENTRYPOINT = vs/workbench/api/node/extensionHostProcess
# environment
PYENV_SHELL = bash
# environment
HOME = /home/gitpod
# environment
THEIA_WEBVIEW_EXTERNAL_ENDPOINT = webview-{{hostname}}
# environment
LESSCLOSE = /usr/bin/lesspipe %s %s
# makefile (from 'project.conf', line 17)
BINARY := C-Cpp-Make
# environment
APPLICATION_INSIGHTS_NO_DIAGNOSTIC_CHANNEL = true
# environment
GITPOD_CLI_APITOKEN = b5whwwUlhgn6zN6up_vJ3F-dOlWr-QK2
# automatic
+F = $(notdir $+)
# environment
VSCODE_HANDLES_UNCAUGHT_ERRORS = true
# automatic
^D = $(patsubst %/,%,$(dir $^))
# environment
HOSTNAME = jalexcole-fictionalfort-th3xwwkushn
# makefile (from 'project.conf', line 23)
PROJECT_PATH := /workspace/C-Cpp-Make
# environment
GRADLE_USER_HOME = /workspace/.gradle/
# environment
MAKELEVEL := 0
# environment
GEM_PATH = /home/gitpod/.rvm/gems/ruby-2.7.6:/home/gitpod/.rvm/gems/ruby-2.7.6@global
# environment
SDKMAN_VERSION = 5.15.0
# default
MAKE = $(MAKE_COMMAND)
# default
MAKECMDGOALS := all
# environment
IRBRC = /home/gitpod/.rvm/rubies/ruby-2.7.6/.irbrc
# environment
SHLVL = 0
# makefile (from 'Makefile', line 39)
BINDIR := bin
# environment
NIX_PROFILES = /nix/var/nix/profiles/default /home/gitpod/.nix-profile
# makefile (from 'Makefile', line 51)
CC := g++
# environment
GITPOD_GIT_USER_NAME = Alex Cole
# environment
JAVA_HOME = /home/gitpod/.sdkman/candidates/java/current
# default
MAKE_VERSION := 4.2.1
# environment
USER = gitpod
# makefile
.DEFAULT_GOAL := default
# environment
GOROOT = /home/gitpod/go
# environment
GITPOD_IDE_ALIAS = code
# environment
rvm_version = 1.29.12 (latest)
# automatic
%D = $(patsubst %/,%,$(dir $%))
# environment
GITPOD_REPO_ROOT = /workspace/fictional-fortnight
# environment
PIP_USER = no
# environment
THEIA_RATELIMIT_LOG = 50
# environment
THEIA_MINI_BROWSER_HOST_PATTERN = browser-{{hostname}}
# environment
GITPOD_GIT_USER_EMAIL = jac0038@uah.edu
# default
MAKE_COMMAND := make
# makefile (from 'Makefile', line 55)
STD := -std=c++11 
# environment
OLDPWD = /
# makefile (from 'Makefile', line 42)
LIBDIR := lib
# default
.VARIABLES := 
# automatic
*F = $(notdir $*)
# makefile (from 'Makefile', line 19)
OS := Linux
# environment
GITPOD_PREVENT_METADATA_ACCESS = true
# makefile (from 'project.conf', line 11)
PROJECT_NAME := C-Cpp-Make
# environment
GITPOD_HOST = https://gitpod.io
# makefile
MAKEFLAGS = pqrR
# environment
MFLAGS = -pqrR
# automatic
*D = $(patsubst %/,%,$(dir $*))
# environment
NVM_DIR = /home/gitpod/.nvm
# automatic
+D = $(patsubst %/,%,$(dir $+))
# environment
rvm_user_install_flag = 1
# environment
BROWSER = /ide/bin/helpers/browser.sh
# environment
GITPOD_MEMORY = 3435
# makefile (from 'Makefile', line 47)
SRCEXT := cpp
# environment
VSCODE_HANDLES_SIGPIPE = true
# environment
GITPOD_TASKS = [{"init":"make"}]
# 'override' directive
.SHELLSTATUS := 0
# default
MAKEFILES := 
# environment
GITPOD_CODE_HOST = https://gitpod.io
# environment
HOMEBREW_NO_AUTO_UPDATE = 1
# automatic
<F = $(notdir $<)
# environment
PIPENV_VENV_IN_PROJECT = true
# environment
TRIGGER_REBUILD = 1
# environment
GP_EXTERNAL_BROWSER = /ide/bin/remote-cli/gitpod-code --openExternal
# environment
SDKMAN_CANDIDATES_DIR = /home/gitpod/.sdkman/candidates
# environment
EDITOR = /ide/bin/remote-cli/gitpod-code
# environment
PWD = /workspace/fictional-fortnight
# environment
LC_ALL = C
# environment
GITPOD_WORKSPACE_CONTEXT = {"isFile":false,"path":"","title":"jalexcole/fictional-fortnight - main","ref":"main","refType":"branch","revision":"4b75dc4ec213a1411ab92ba2a9cedb001cd712c6","repository":{"cloneUrl":"https://github.com/jalexcole/fictional-fortnight.git","host":"github.com","name":"fictional-fortnight","owner":"jalexcole","private":false},"normalizedContextURL":"https://github.com/jalexcole/fictional-fortnight.git","checkoutLocation":"fictional-fortnight","snapshotBucketId":"workspaces/jalexcole-fictionalfort-0sex3jzm25x/snapshot-1654009397367029937.tar@gitpod-prod-user-e133fc6b-32db-4542-825d-f57696004048","prebuildWorkspaceId":"60152dbb-fcba-49a9-b387-b22e51518a24","wasPrebuilt":true}
# environment
JAVA_TOOL_OPTIONS =  -Xmx3435m
# makefile (from 'Makefile', line 70)
LIBS := 
# automatic
^F = $(notdir $^)
# environment
rvm_prefix = /home/gitpod
# default
SUFFIXES := 
# environment
APACHE_DOCROOT_IN_REPO = public
# environment
PYENV_VIRTUALENV_INIT = 1
# makefile (from 'Makefile', line 25)
COLOR_PREFIX := e
# environment
NGINX_DOCROOT_IN_REPO = public
# default
.INCLUDE_DIRS = /usr/include /usr/local/include /usr/include
# environment
rvm_loaded_flag = 1
# environment
GITPOD_INSTANCE_ID = 39b73871-4be0-4640-9f38-683539ab13f8
# environment
GITPOD_WORKSPACE_URL = https://jalexcole-fictionalfort-th3xwwkushn.ws-us46.gitpod.io
# default
.RECIPEPREFIX := 
# makefile (from 'Makefile', line 84)
OBJECTS := lib/chunk.o lib/memory.o lib/main.o
# environment
LANG = C
# environment
PYTHONUSERBASE = /workspace/.pip-modules
# environment
VSCODE_EXTHOST_WILL_SEND_SOCKET = true
# environment
MY_RUBY_HOME = /home/gitpod/.rvm/rubies/ruby-2.7.6
# variable set hash-table stats:
# Load=165/1024=16%, Rehash=0, Collisions=20/224=9%

# Pattern-specific Variable Values

# No pattern-specific variable values.

# Directories

# . (device 2346, inode 2080791485): 16 files, no impossibilities.
# src (device 2346, inode 2080795718): 10 files, no impossibilities.

# 26 files, no impossibilities in 2 directories.

# Implicit Rules

lib/%.o: src/%.cpp
#  recipe to execute (from 'Makefile', line 127):
	@echo -en "$(BROWN)CC $(END_COLOR)";
	$(CC) -c $^ -o $@ $(DEBUG) $(CFLAGS) $(LIBS)

# 1 implicit rules, 0 (0.0%) terminal.

# Files

all: lib/chunk.o lib/memory.o lib/main.o
#  Command line target.
#  Implicit rule search has not been done.
#  File does not exist.
#  File has been updated.
#  Needs to be updated (-q is set).
# variable set hash-table stats:
# Load=0/32=0%, Rehash=0, Collisions=0/11=0%
#  recipe to execute (from 'Makefile', line 119):
	@echo -en "$(BROWN)LD $(END_COLOR)";
	$(CC) -o $(BINDIR)/$(BINARY) $+ $(DEBUG) $(CFLAGS) $(LIBS)
	@echo -en "\n--\nBinary file placed at" \
			  "$(BROWN)$(BINDIR)/$(BINARY)$(END_COLOR)\n";

tests:
#  Implicit rule search has not been done.
#  Modification time never checked.
#  File has not been updated.
#  recipe to execute (from 'Makefile', line 144):
	@echo -en "$(BROWN)CC $(END_COLOR)";
	$(CC) $(TESTDIR)/main.c -o $(BINDIR)/$(TEST_BINARY) $(DEBUG) $(CFLAGS) $(LIBS) $(TEST_LIBS)
	@which ldconfig && ldconfig -C /tmp/ld.so.cache || true # caching the library linking
	@echo -en "$(BROWN) Running tests: $(END_COLOR)";
	./$(BINDIR)/$(TEST_BINARY)

lib/main.o: src/main.cpp
#  Implicit rule search has been done.
#  Implicit/static pattern stem: 'main'
#  Last modified 2022-05-31 17:28:25.638117636
#  File has been updated.
#  Needs to be updated (-q is set).
# automatic
# @ := lib/main.o
# automatic
# % := 
# automatic
# * := main
# automatic
# + := src/main.cpp
# automatic
# | := 
# automatic
# < := src/main.cpp
# automatic
# ^ := src/main.cpp
# automatic
# ? := src/main.cpp
# variable set hash-table stats:
# Load=8/32=25%, Rehash=0, Collisions=1/21=5%
#  recipe to execute (from 'Makefile', line 127):
	@echo -en "$(BROWN)CC $(END_COLOR)";
	$(CC) -c $^ -o $@ $(DEBUG) $(CFLAGS) $(LIBS)

# Not a target:
Makefile:
#  Implicit rule search has been done.
#  Last modified 2022-05-31 17:33:56.877837465
#  File has been updated.
#  Successfully updated.

start:
#  Implicit rule search has not been done.
#  Modification time never checked.
#  File has not been updated.
#  recipe to execute (from 'Makefile', line 107):
	@echo "Creating project: $(PROJECT_NAME)"
	@mkdir -pv $(PROJECT_PATH)
	@echo "Copying files from template to new directory:"
	@cp -rvf ./* $(PROJECT_PATH)/
	@echo
	@echo "Go to $(PROJECT_PATH) and compile your project: make"
	@echo "Then execute it: bin/$(BINARY) --help"
	@echo "Happy hacking o/"

lib/memory.o: src/memory.cpp
#  Implicit rule search has been done.
#  Implicit/static pattern stem: 'memory'
#  Last modified 2022-05-31 15:53:00
#  File has been updated.
#  Successfully updated.
#  recipe to execute (from 'Makefile', line 127):
	@echo -en "$(BROWN)CC $(END_COLOR)";
	$(CC) -c $^ -o $@ $(DEBUG) $(CFLAGS) $(LIBS)

# Not a target:
src/chunk.cpp:
#  Implicit rule search has been done.
#  Last modified 2022-05-31 17:28:04.254135723
#  File has been updated.
#  Successfully updated.

# Not a target:
project.conf:
#  Implicit rule search has been done.
#  Last modified 2022-05-31 15:03:12
#  File has been updated.
#  Successfully updated.

help:
#  Implicit rule search has not been done.
#  Modification time never checked.
#  File has not been updated.
#  recipe to execute (from 'Makefile', line 95):
	@echo "C Project Template"
	@echo
	@echo "Target rules:"
	@echo "    all      - Compiles and generates binary file"
	@echo "    tests    - Compiles with cmocka and run tests binary file"
	@echo "    start    - Starts a new project using C project template"
	@echo "    valgrind - Runs binary file using valgrind tool"
	@echo "    clean    - Clean the project by removing binaries"
	@echo "    help     - Prints a help message with target rules"

default: all
#  Implicit rule search has not been done.
#  Modification time never checked.
#  File has not been updated.

# Not a target:
.DEFAULT:
#  Implicit rule search has not been done.
#  Modification time never checked.
#  File has not been updated.

run:
#  Implicit rule search has not been done.
#  Modification time never checked.
#  File has not been updated.
#  recipe to execute (from 'Makefile', line 157):
	make
	./$(BINDIR)/$(PROJECT_NAME)

clean:
#  Implicit rule search has not been done.
#  Modification time never checked.
#  File has not been updated.
#  recipe to execute (from 'Makefile', line 153):
	@rm -rvf $(BINDIR)/* $(LIBDIR)/* $(LOGDIR)/*;

# Not a target:
src/main.cpp:
#  Implicit rule search has been done.
#  Last modified 2022-05-31 17:33:20.945867857
#  File has been updated.
#  Successfully updated.

# Not a target:
src/memory.cpp:
#  Implicit rule search has been done.
#  Last modified 2022-05-31 15:48:53
#  File has been updated.
#  Successfully updated.

lib/chunk.o: src/chunk.cpp
#  Implicit rule search has been done.
#  Implicit/static pattern stem: 'chunk'
#  Last modified 2022-05-31 17:28:25.602117667
#  File has been updated.
#  Successfully updated.
#  recipe to execute (from 'Makefile', line 127):
	@echo -en "$(BROWN)CC $(END_COLOR)";
	$(CC) -c $^ -o $@ $(DEBUG) $(CFLAGS) $(LIBS)

valgrind:
#  Implicit rule search has not been done.
#  Modification time never checked.
#  File has not been updated.
#  recipe to execute (from 'Makefile', line 133):
	valgrind \
		--track-origins=yes \
		--leak-check=full \
		--leak-resolution=high \
		--log-file=$(LOGDIR)/$@.log \
		$(BINDIR)/$(BINARY)
	@echo -en "\nCheck the log file: $(LOGDIR)/$@.log\n"

# files hash-table stats:
# Load=18/1024=2%, Rehash=0, Collisions=0/43=0%
# VPATH Search Paths

# No 'vpath' search paths.

# No general ('VPATH' variable) search path.

# strcache buffers: 1 (0) / strings = 47 / storage = 420 B / avg = 8 B
# current buf: size = 8162 B / used = 420 B / count = 47 / avg = 8 B

# strcache performance: lookups = 69 / hit rate = 31%
# hash-table stats:
# Load=47/8192=1%, Rehash=0, Collisions=2/69=3%
# Finished Make data base on Tue May 31 17:34:01 2022

 
